#-----------------------------------------------------------
# Vivado v2018.3 (64-bit)
# SW Build 2405991 on Thu Dec  6 23:38:27 MST 2018
# IP Build 2404404 on Fri Dec  7 01:43:56 MST 2018
# Start of session at: Sun Jul  7 16:45:55 2024
# Process ID: 14720
# Current directory: C:/Users/yasha/OneDrive/Desktop/project_fifo/fpga/project_fifo
# Command line: vivado.exe -gui_launcher_event rodinguilauncherevent20668 C:\Users\yasha\OneDrive\Desktop\project_fifo\fpga\project_fifo\project_fifo.xpr
# Log file: C:/Users/yasha/OneDrive/Desktop/project_fifo/fpga/project_fifo/vivado.log
# Journal file: C:/Users/yasha/OneDrive/Desktop/project_fifo/fpga/project_fifo\vivado.jou
#-----------------------------------------------------------
start_gui
open_project C:/Users/yasha/OneDrive/Desktop/project_fifo/fpga/project_fifo/project_fifo.xpr
Scanning sources...
Finished scanning sources
INFO: [IP_Flow 19-234] Refreshing IP repositories
INFO: [IP_Flow 19-1704] No user IP repositories specified
INFO: [IP_Flow 19-2313] Loaded Vivado IP repository 'E:/rakshasi/Vivado/2018.3/data/ip'.
add_files -norecurse C:/Users/yasha/OneDrive/Desktop/project_fifo/fpga/sources/fifo.v
update_compile_order -fileset sources_1
launch_runs synth_1 -jobs 8
[Sun Jul  7 16:47:14 2024] Launched synth_1...
Run output will be captured here: C:/Users/yasha/OneDrive/Desktop/project_fifo/fpga/project_fifo/project_fifo.runs/synth_1/runme.log
launch_runs impl_1 -jobs 8
[Sun Jul  7 16:47:34 2024] Launched impl_1...
Run output will be captured here: C:/Users/yasha/OneDrive/Desktop/project_fifo/fpga/project_fifo/project_fifo.runs/impl_1/runme.log
open_run impl_1
INFO: [Netlist 29-17] Analyzing 2 Unisim elements for replacement
INFO: [Netlist 29-28] Unisim Transformation completed in 0 CPU seconds
INFO: [Project 1-479] Netlist was created with Vivado 2018.3
INFO: [Device 21-403] Loading part xc7k70tfbv676-1
INFO: [Project 1-570] Preparing netlist for logic optimization
Reading XDEF placement.
Reading placer database...
Reading XDEF routing.
Read XDEF File: Time (s): cpu = 00:00:00 ; elapsed = 00:00:00.021 . Memory (MB): peak = 1005.863 ; gain = 0.410
Restored from archive | CPU: 0.000000 secs | Memory: 0.000000 MB |
Finished XDEF File Restore: Time (s): cpu = 00:00:00 ; elapsed = 00:00:00.022 . Memory (MB): peak = 1005.863 ; gain = 0.410
Netlist sorting complete. Time (s): cpu = 00:00:00 ; elapsed = 00:00:00.001 . Memory (MB): peak = 1005.871 ; gain = 0.000
INFO: [Project 1-111] Unisim Transformation Summary:
  A total of 2 instances were transformed.
  RAM32M => RAM32M (RAMD32, RAMD32, RAMD32, RAMD32, RAMD32, RAMD32, RAMS32, RAMS32): 2 instances

open_run: Time (s): cpu = 00:00:06 ; elapsed = 00:00:08 . Memory (MB): peak = 1213.836 ; gain = 437.203
WARNING: [Timing 38-313] There are no user specified timing constraints. Timing constraints are needed for proper timing analysis.
exit
INFO: [Common 17-206] Exiting Vivado at Sun Jul  7 16:49:32 2024...
