#-----------------------------------------------------------
# Vivado v2018.3 (64-bit)
# SW Build 2405991 on Thu Dec  6 23:38:27 MST 2018
# IP Build 2404404 on Fri Dec  7 01:43:56 MST 2018
# Start of session at: Sun Jul  7 16:07:27 2024
# Process ID: 18700
# Current directory: C:/Users/yasha/OneDrive/Desktop/project_fifo/fpga/project_fifo
# Command line: vivado.exe -gui_launcher_event rodinguilauncherevent8180 C:\Users\yasha\OneDrive\Desktop\project_fifo\fpga\project_fifo\project_fifo.xpr
# Log file: C:/Users/yasha/OneDrive/Desktop/project_fifo/fpga/project_fifo/vivado.log
# Journal file: C:/Users/yasha/OneDrive/Desktop/project_fifo/fpga/project_fifo\vivado.jou
#-----------------------------------------------------------
start_gui
open_project C:/Users/yasha/OneDrive/Desktop/project_fifo/fpga/project_fifo/project_fifo.xpr
Scanning sources...
Finished scanning sources
INFO: [IP_Flow 19-234] Refreshing IP repositories
INFO: [IP_Flow 19-1704] No user IP repositories specified
INFO: [IP_Flow 19-2313] Loaded Vivado IP repository 'E:/rakshasi/Vivado/2018.3/data/ip'.
open_project: Time (s): cpu = 00:00:11 ; elapsed = 00:00:11 . Memory (MB): peak = 709.090 ; gain = 72.820
exit
INFO: [Common 17-206] Exiting Vivado at Sun Jul  7 16:21:58 2024...
